2025-01-26 09:42:53.011 [info] Reading sessions from keychain...
2025-01-26 09:42:53.011 [info] Getting sessions for all scopes...
2025-01-26 09:42:53.011 [info] Getting sessions for all scopes...
2025-01-26 09:42:53.011 [info] Getting sessions for all scopes...
2025-01-26 09:42:53.011 [info] Getting sessions for all scopes...
2025-01-26 09:42:53.011 [info] Getting sessions for all scopes...
2025-01-26 09:42:53.011 [info] Getting sessions for all scopes...
2025-01-26 09:42:53.011 [info] Getting sessions for all scopes...
2025-01-26 09:42:53.011 [info] Getting sessions for all scopes...
2025-01-26 09:42:53.098 [info] Got stored sessions!
2025-01-26 09:42:53.098 [info] Got 1 verified sessions.
2025-01-26 09:42:53.100 [info] Got 1 sessions for ...
2025-01-26 09:42:53.100 [info] Got 1 sessions for ...
2025-01-26 09:42:53.100 [info] Got 1 sessions for ...
2025-01-26 09:42:53.100 [info] Got 1 sessions for ...
2025-01-26 09:42:53.100 [info] Got 1 sessions for ...
2025-01-26 09:42:53.100 [info] Got 1 sessions for ...
2025-01-26 09:42:53.100 [info] Got 1 sessions for ...
2025-01-26 09:42:53.100 [info] Got 1 sessions for ...
2025-01-26 09:42:56.016 [info] Getting sessions for all scopes...
2025-01-26 09:42:56.016 [info] Got 1 sessions for ...
