2025-01-26 09:42:52.201 [info] Extension host with pid 291045 started
2025-01-26 09:42:52.201 [info] Skipping acquiring lock for /home/dhanumurti/.config/Code/User/workspaceStorage/78e246a3cd178146dd6716e570bf6cdb.
2025-01-26 09:42:52.600 [info] ExtensionService#_doActivateExtension vscode.github-authentication, startup: false, activationEvent: 'onAuthenticationRequest:github'
2025-01-26 09:42:52.685 [info] ExtensionService#_doActivateExtension vscode.emmet, startup: false, activationEvent: 'onLanguage'
2025-01-26 09:42:52.740 [info] ExtensionService#_doActivateExtension bmewburn.vscode-intelephense-client, startup: false, activationEvent: 'onLanguage:php'
2025-01-26 09:42:53.003 [info] ExtensionService#_doActivateExtension vscode.git-base, startup: true, activationEvent: '*', root cause: vscode.git
2025-01-26 09:42:53.106 [info] ExtensionService#_doActivateExtension vscode.git, startup: true, activationEvent: '*'
2025-01-26 09:42:53.325 [info] ExtensionService#_doActivateExtension vscode.github, startup: true, activationEvent: '*'
2025-01-26 09:42:54.022 [info] Eager extensions activated
2025-01-26 09:42:54.106 [info] ExtensionService#_doActivateExtension vscode.debug-auto-launch, startup: false, activationEvent: 'onStartupFinished'
2025-01-26 09:42:54.114 [info] ExtensionService#_doActivateExtension vscode.merge-conflict, startup: false, activationEvent: 'onStartupFinished'
2025-01-26 09:42:54.172 [info] ExtensionService#_doActivateExtension ecmel.vscode-html-css, startup: false, activationEvent: 'onStartupFinished'
2025-01-26 09:47:03.145 [info] Extension host terminating: renderer closed the MessagePort
2025-01-26 09:47:03.184 [error] An error occurred when disposing the subscriptions for extension 'bmewburn.vscode-intelephense-client':
2025-01-26 09:47:03.188 [error] TypeError: Cannot read private member #e from an object whose class did not declare it
	at Object.dispose (file:///opt/visual-studio-code/resources/app/out/vs/workbench/api/node/extensionHostProcess.js:109:20119)
	at ai (file:///opt/visual-studio-code/resources/app/out/vs/workbench/api/node/extensionHostProcess.js:25:699)
	at file:///opt/visual-studio-code/resources/app/out/vs/workbench/api/node/extensionHostProcess.js:119:14992
	at file:///opt/visual-studio-code/resources/app/out/vs/workbench/api/node/extensionHostProcess.js:25:1009
	at Object.dispose (file:///opt/visual-studio-code/resources/app/out/vs/workbench/api/node/extensionHostProcess.js:8:705)
	at zz.eb (file:///opt/visual-studio-code/resources/app/out/vs/workbench/api/node/extensionHostProcess.js:119:11919)
	at file:///opt/visual-studio-code/resources/app/out/vs/workbench/api/node/extensionHostProcess.js:119:9874
	at Array.map (<anonymous>)
	at zz.$ (file:///opt/visual-studio-code/resources/app/out/vs/workbench/api/node/extensionHostProcess.js:119:9862)
	at zz.terminate (file:///opt/visual-studio-code/resources/app/out/vs/workbench/api/node/extensionHostProcess.js:119:10105)
	at QC.terminate (file:///opt/visual-studio-code/resources/app/out/vs/workbench/api/node/extensionHostProcess.js:120:1424)
	at Zi (file:///opt/visual-studio-code/resources/app/out/vs/workbench/api/node/extensionHostProcess.js:175:15080)
	at MessagePortMain.<anonymous> (file:///opt/visual-studio-code/resources/app/out/vs/workbench/api/node/extensionHostProcess.js:175:11628)
	at MessagePortMain.emit (node:events:518:28)
	at MessagePortMain._internalPort.emit (node:electron/js2c/utility_init:2:2949)
2025-01-26 09:47:03.189 [info] Extension host with pid 291045 exiting with code 0
