2025-01-26 00:08:14.790 [info] Reading sessions from keychain...
2025-01-26 00:08:14.790 [info] Getting sessions for all scopes...
2025-01-26 00:08:14.790 [info] Getting sessions for all scopes...
2025-01-26 00:08:14.791 [info] Getting sessions for all scopes...
2025-01-26 00:08:14.792 [info] Getting sessions for all scopes...
2025-01-26 00:08:14.792 [info] Getting sessions for all scopes...
2025-01-26 00:08:14.793 [info] Getting sessions for all scopes...
2025-01-26 00:08:14.793 [info] Getting sessions for all scopes...
2025-01-26 00:08:14.794 [info] Getting sessions for all scopes...
2025-01-26 00:08:14.855 [info] Got 0 sessions for ...
2025-01-26 00:08:14.855 [info] Got 0 sessions for ...
2025-01-26 00:08:14.855 [info] Got 0 sessions for ...
2025-01-26 00:08:14.855 [info] Got 0 sessions for ...
2025-01-26 00:08:14.856 [info] Got 0 sessions for ...
2025-01-26 00:08:14.856 [info] Got 0 sessions for ...
2025-01-26 00:08:14.856 [info] Got 0 sessions for ...
2025-01-26 00:08:14.856 [info] Got 0 sessions for ...
2025-01-26 00:08:43.133 [info] Logging in with 'any' account...
2025-01-26 00:08:43.133 [info] Logging in for the following scopes: user:email
2025-01-26 00:08:43.422 [info] Trying without local server... (user:email)
2025-01-26 00:09:03.975 [info] Exchanging code for token...
2025-01-26 00:09:04.518 [info] Token exchange success!
2025-01-26 00:09:04.522 [info] Getting user info...
2025-01-26 00:09:05.124 [info] Got account info!
2025-01-26 00:09:05.135 [info] Storing 1 sessions...
2025-01-26 00:09:05.178 [info] Reading sessions from keychain...
2025-01-26 00:09:05.179 [info] Stored 1 sessions!
2025-01-26 00:09:05.180 [info] Login success!
2025-01-26 00:09:05.277 [info] Getting sessions for all scopes...
2025-01-26 00:09:05.280 [info] Got stored sessions!
2025-01-26 00:09:05.281 [info] Got 1 verified sessions.
2025-01-26 00:09:05.281 [info] Got 1 sessions for ...
2025-01-26 00:09:25.126 [info] Getting sessions for all scopes...
2025-01-26 00:09:25.126 [info] Got 1 sessions for ...
2025-01-26 00:09:25.128 [info] Getting sessions for all scopes...
2025-01-26 00:09:25.128 [info] Got 1 sessions for ...
2025-01-26 00:09:25.133 [info] Getting sessions for read:user,repo,user:email,workflow...
2025-01-26 00:09:25.133 [info] Got 0 sessions for read:user,repo,user:email,workflow...
2025-01-26 00:09:25.153 [info] Getting sessions for read:user,repo,user:email,workflow...
2025-01-26 00:09:25.153 [info] Got 0 sessions for read:user,repo,user:email,workflow...
2025-01-26 00:09:25.153 [info] Getting sessions for read:user...
2025-01-26 00:09:25.153 [info] Got 0 sessions for read:user...
2025-01-26 00:09:25.161 [info] Getting sessions for user:email...
2025-01-26 00:09:25.161 [info] Got 1 sessions for user:email...
2025-01-26 00:09:25.164 [info] Getting sessions for user:email...
2025-01-26 00:09:25.164 [info] Got 1 sessions for user:email...
2025-01-26 00:09:25.189 [info] Getting sessions for all scopes...
2025-01-26 00:09:25.190 [info] Got 1 sessions for ...
2025-01-26 00:09:27.828 [info] Getting sessions for read:user,repo,user:email,workflow...
2025-01-26 00:09:27.828 [info] Got 0 sessions for read:user,repo,user:email,workflow...
2025-01-26 00:09:27.833 [info] Getting sessions for user:email...
2025-01-26 00:09:27.833 [info] Got 1 sessions for user:email...
2025-01-26 00:09:27.852 [info] Getting sessions for all scopes...
2025-01-26 00:09:27.852 [info] Got 1 sessions for ...
2025-01-26 00:09:27.855 [info] Getting sessions for read:user,repo,user:email,workflow...
2025-01-26 00:09:27.855 [info] Got 0 sessions for read:user,repo,user:email,workflow...
2025-01-26 00:09:27.857 [info] Getting sessions for user:email...
2025-01-26 00:09:27.857 [info] Got 1 sessions for user:email...
2025-01-26 00:09:28.082 [info] Getting sessions for all scopes...
2025-01-26 00:09:28.082 [info] Got 1 sessions for ...
2025-01-26 00:09:28.088 [info] Getting sessions for read:user,repo,user:email,workflow...
2025-01-26 00:09:28.088 [info] Got 0 sessions for read:user,repo,user:email,workflow...
2025-01-26 00:09:28.101 [info] Getting sessions for user:email...
2025-01-26 00:09:28.101 [info] Got 1 sessions for user:email...
2025-01-26 00:09:28.507 [info] Getting sessions for read:user,repo,user:email,workflow...
2025-01-26 00:09:28.507 [info] Got 0 sessions for read:user,repo,user:email,workflow...
2025-01-26 00:09:28.509 [info] Getting sessions for read:user...
2025-01-26 00:09:28.509 [info] Got 0 sessions for read:user...
2025-01-26 00:09:28.511 [info] Getting sessions for user:email...
2025-01-26 00:09:28.511 [info] Got 1 sessions for user:email...
2025-01-26 00:09:29.028 [info] Getting sessions for all scopes...
2025-01-26 00:09:29.028 [info] Got 1 sessions for ...
2025-01-26 00:09:29.030 [info] Getting sessions for all scopes...
2025-01-26 00:09:29.030 [info] Got 1 sessions for ...
2025-01-26 00:09:29.088 [info] Getting sessions for read:user,repo,user:email,workflow...
2025-01-26 00:09:29.089 [info] Got 0 sessions for read:user,repo,user:email,workflow...
2025-01-26 00:09:29.093 [info] Getting sessions for user:email...
2025-01-26 00:09:29.093 [info] Got 1 sessions for user:email...
2025-01-26 00:09:29.108 [info] Getting sessions for all scopes...
2025-01-26 00:09:29.108 [info] Got 1 sessions for ...
2025-01-26 00:09:29.127 [info] Getting sessions for read:user,repo,user:email,workflow...
2025-01-26 00:09:29.127 [info] Got 0 sessions for read:user,repo,user:email,workflow...
2025-01-26 00:09:29.151 [info] Getting sessions for user:email...
2025-01-26 00:09:29.151 [info] Got 1 sessions for user:email...
2025-01-26 00:09:29.439 [info] Getting sessions for all scopes...
2025-01-26 00:09:29.439 [info] Got 1 sessions for ...
2025-01-26 00:09:29.561 [info] Getting sessions for read:user,repo,user:email,workflow...
2025-01-26 00:09:29.561 [info] Got 0 sessions for read:user,repo,user:email,workflow...
2025-01-26 00:09:29.562 [info] Getting sessions for read:user,repo,user:email,workflow...
2025-01-26 00:09:29.562 [info] Got 0 sessions for read:user,repo,user:email,workflow...
2025-01-26 00:09:29.606 [info] Getting sessions for user:email...
2025-01-26 00:09:29.606 [info] Got 1 sessions for user:email...
2025-01-26 00:09:29.607 [info] Getting sessions for read:user...
2025-01-26 00:09:29.607 [info] Got 0 sessions for read:user...
2025-01-26 00:09:29.698 [info] Getting sessions for user:email...
2025-01-26 00:09:29.698 [info] Got 1 sessions for user:email...
2025-01-26 00:09:30.789 [info] Getting sessions for all scopes...
2025-01-26 00:09:30.789 [info] Got 1 sessions for ...
2025-01-26 00:09:30.807 [info] Getting sessions for read:user,repo,user:email,workflow...
2025-01-26 00:09:30.807 [info] Got 0 sessions for read:user,repo,user:email,workflow...
2025-01-26 00:09:30.809 [info] Getting sessions for user:email...
2025-01-26 00:09:30.809 [info] Got 1 sessions for user:email...
2025-01-26 00:13:11.793 [info] Reading sessions from keychain...
2025-01-26 00:13:11.793 [info] Getting sessions for all scopes...
2025-01-26 00:13:11.793 [info] Getting sessions for all scopes...
2025-01-26 00:13:11.793 [info] Getting sessions for all scopes...
2025-01-26 00:13:11.793 [info] Got stored sessions!
2025-01-26 00:13:11.793 [info] Got 1 verified sessions.
2025-01-26 00:13:11.793 [info] Got 1 sessions for ...
2025-01-26 00:13:11.793 [info] Got 1 sessions for ...
2025-01-26 00:13:11.793 [info] Got 1 sessions for ...
2025-01-26 00:24:38.457 [info] Reading sessions from keychain...
2025-01-26 00:24:38.457 [info] Getting sessions for all scopes...
2025-01-26 00:24:38.457 [info] Getting sessions for all scopes...
2025-01-26 00:24:38.458 [info] Getting sessions for all scopes...
2025-01-26 00:24:38.458 [info] Getting sessions for all scopes...
2025-01-26 00:24:38.458 [info] Getting sessions for all scopes...
2025-01-26 00:24:38.458 [info] Getting sessions for all scopes...
2025-01-26 00:24:38.458 [info] Getting sessions for all scopes...
2025-01-26 00:24:38.458 [info] Getting sessions for all scopes...
2025-01-26 00:24:38.509 [info] Got stored sessions!
2025-01-26 00:24:38.509 [info] Got 1 verified sessions.
2025-01-26 00:24:38.509 [info] Got 1 sessions for ...
2025-01-26 00:24:38.509 [info] Got 1 sessions for ...
2025-01-26 00:24:38.509 [info] Got 1 sessions for ...
2025-01-26 00:24:38.509 [info] Got 1 sessions for ...
2025-01-26 00:24:38.509 [info] Got 1 sessions for ...
2025-01-26 00:24:38.509 [info] Got 1 sessions for ...
2025-01-26 00:24:38.509 [info] Got 1 sessions for ...
2025-01-26 00:24:38.509 [info] Got 1 sessions for ...
2025-01-26 00:24:39.245 [info] Getting sessions for all scopes...
2025-01-26 00:24:39.245 [info] Got 1 sessions for ...
2025-01-26 00:30:27.621 [info] Reading sessions from keychain...
2025-01-26 00:30:27.621 [info] Getting sessions for all scopes...
2025-01-26 00:30:27.621 [info] Getting sessions for all scopes...
2025-01-26 00:30:27.621 [info] Getting sessions for all scopes...
2025-01-26 00:30:27.621 [info] Got stored sessions!
2025-01-26 00:30:27.621 [info] Got 1 verified sessions.
2025-01-26 00:30:27.621 [info] Got 1 sessions for ...
2025-01-26 00:30:27.621 [info] Got 1 sessions for ...
2025-01-26 00:30:27.621 [info] Got 1 sessions for ...
